<?xml version="1.0" encoding="UTF-8"?>
<!-- Generated by org.testng.reporters.JUnitXMLReporter -->
<testsuite hostname="192.168.1.12" name="Regression suite" tests="2" failures="0" timestamp="24 Aug 2016 02:40:03 GMT" time="304.835" errors="0">
  <testcase name="search_addToItem_Test" time="90.375" classname="com.paxovision.conceptual.SeleniumDataProvider"/>
  <testcase name="search_addToItem_Test" time="144.794" classname="com.paxovision.conceptual.SeleniumDataProvider"/>
</testsuite> <!-- Regression suite -->
