<?xml version="1.0" encoding="UTF-8"?>
<!-- Generated by org.testng.reporters.JUnitXMLReporter -->
<testsuite hostname="192.168.1.9" name="Regression suite 1" tests="3" failures="0" timestamp="19 Aug 2016 01:14:40 GMT" time="220.641" errors="0">
  <testcase name="search_addToItem_Test" time="97.808" classname="com.paxovision.conceptual.SeleniumDataProvider"/>
  <testcase name="secondTest" time="30.328" classname="com.paxovision.conceptual.SeleniumDataProvider"/>
  <testcase name="secondTest" time="29.327" classname="com.paxovision.conceptual.SeleniumDataProvider"/>
</testsuite> <!-- Regression suite 1 -->
